<?xml version="1.0" encoding="UTF-8"?>
<!-- Generated by org.testng.reporters.JUnitReportReporter -->
<testsuite hostname="Sumit-PC" failures="0" tests="1" name="TestMethod.WindowsHandle" time="4.688" errors="0" timestamp="2021-08-08T14:09:15 EDT" skipped="0">
  <testcase classname="TestMethod.WindowsHandle" name="frame" time="4.688"/>
  <system-out/>
</testsuite> <!-- TestMethod.WindowsHandle -->
