<?xml version="1.0" encoding="UTF-8"?>
<!-- Generated by org.testng.reporters.JUnitReportReporter -->
<testsuite hostname="Sumit-PC" failures="0" tests="3" name="TestModel01.SignInTestCase" time="17.206" errors="0" timestamp="2021-08-08T14:08:57 EDT" skipped="0">
  <testcase classname="TestModel01.SignInTestCase" name="SignUPpage_Appear" time="5.717"/>
  <system-out/>
  <testcase classname="TestModel01.SignInTestCase" name="SignUPpage_Appear" time="5.661"/>
  <system-out/>
  <testcase classname="TestModel01.SignInTestCase" name="SignUPpage_Appear" time="5.828"/>
  <system-out/>
</testsuite> <!-- TestModel01.SignInTestCase -->
